<?xml version="1.0" encoding="UTF-8"?>
<!-- Generated by org.testng.reporters.JUnitReportReporter -->
<testsuite hostname="WIN-I9QJ4RLV34G" failures="0" tests="3" name="Suite_CheckEmails" time="4.382" errors="0" timestamp="2020-03-26T21:09:31 GMT+04:00" skipped="0">
  <testcase classname="Suite_CheckEmails" name="loginToEmail" time="1.644"/>
  <system-out/>
  <testcase classname="Suite_CheckEmails" name="checkForEmails" time="1.258"/>
  <system-out/>
  <testcase classname="Suite_CheckEmails" name="createNewEmail" time="1.480"/>
  <system-out/>
</testsuite> <!-- Suite_CheckEmails -->
